2026-04-17T14:42:38.554+08:00  INFO 25136 --- [main] com.example.JavaFxApiApplication         : Starting JavaFxApiApplication using Java 21.0.10 with PID 25136 (E:\xaingmu\test\javaFx-api\target\classes started by F2851406 in E:\xaingmu\test\javaFx-api)
2026-04-17T14:42:38.570+08:00 DEBUG 25136 --- [main] com.example.JavaFxApiApplication         : Running with Spring Boot v3.2.4, Spring v6.1.5
2026-04-17T14:42:38.572+08:00  INFO 25136 --- [main] com.example.JavaFxApiApplication         : No active profile set, falling back to 1 default profile: "default"
2026-04-17T14:42:40.019+08:00  INFO 25136 --- [main] .s.d.r.c.RepositoryConfigurationDelegate : Bootstrapping Spring Data JPA repositories in DEFAULT mode.
2026-04-17T14:42:40.150+08:00  INFO 25136 --- [main] .s.d.r.c.RepositoryConfigurationDelegate : Finished Spring Data repository scanning in 119 ms. Found 6 JPA repository interfaces.
2026-04-17T14:42:40.944+08:00  INFO 25136 --- [main] o.s.b.w.embedded.tomcat.TomcatWebServer  : Tomcat initialized with port 8080 (http)
2026-04-17T14:42:40.960+08:00  INFO 25136 --- [main] o.apache.catalina.core.StandardService   : Starting service [Tomcat]
2026-04-17T14:42:40.961+08:00  INFO 25136 --- [main] o.apache.catalina.core.StandardEngine    : Starting Servlet engine: [Apache Tomcat/10.1.19]
2026-04-17T14:42:41.099+08:00  INFO 25136 --- [main] o.a.c.c.C.[Tomcat].[localhost].[/]       : Initializing Spring embedded WebApplicationContext
2026-04-17T14:42:41.100+08:00  INFO 25136 --- [main] w.s.c.ServletWebServerApplicationContext : Root WebApplicationContext: initialization completed in 2460 ms
2026-04-17T14:42:41.305+08:00  INFO 25136 --- [main] o.hibernate.jpa.internal.util.LogHelper  : HHH000204: Processing PersistenceUnitInfo [name: default]
2026-04-17T14:42:41.392+08:00  INFO 25136 --- [main] org.hibernate.Version                    : HHH000412: Hibernate ORM core version 6.4.4.Final
2026-04-17T14:42:41.455+08:00  INFO 25136 --- [main] o.h.c.internal.RegionFactoryInitiator    : HHH000026: Second-level cache disabled
2026-04-17T14:42:41.761+08:00  INFO 25136 --- [main] o.s.o.j.p.SpringPersistenceUnitInfo      : No LoadTimeWeaver setup: ignoring JPA class transformer
2026-04-17T14:42:41.804+08:00  INFO 25136 --- [main] com.zaxxer.hikari.HikariDataSource       : HikariPool-1 - Starting...
2026-04-17T14:42:42.029+08:00  INFO 25136 --- [main] com.zaxxer.hikari.pool.HikariPool        : HikariPool-1 - Added connection com.mysql.cj.jdbc.ConnectionImpl@224e6e88
2026-04-17T14:42:42.032+08:00  INFO 25136 --- [main] com.zaxxer.hikari.HikariDataSource       : HikariPool-1 - Start completed.
2026-04-17T14:42:43.393+08:00  INFO 25136 --- [main] o.h.e.t.j.p.i.JtaPlatformInitiator       : HHH000489: No JTA platform available (set 'hibernate.transaction.jta.platform' to enable JTA platform integration)
2026-04-17T14:42:43.601+08:00  INFO 25136 --- [main] j.LocalContainerEntityManagerFactoryBean : Initialized JPA EntityManagerFactory for persistence unit 'default'
2026-04-17T14:42:44.076+08:00  INFO 25136 --- [main] o.s.d.j.r.query.QueryEnhancerFactory     : Hibernate is in classpath; If applicable, HQL parser will be used.
2026-04-17T14:42:44.669+08:00 DEBUG 25136 --- [main] c.e.filter.JwtAuthenticationFilter       : Filter 'jwtAuthenticationFilter' configured for use
2026-04-17T14:42:45.288+08:00  WARN 25136 --- [main] JpaBaseConfiguration$JpaWebConfiguration : spring.jpa.open-in-view is enabled by default. Therefore, database queries may be performed during view rendering. Explicitly configure spring.jpa.open-in-view to disable this warning
2026-04-17T14:42:45.603+08:00  INFO 25136 --- [main] o.s.s.web.DefaultSecurityFilterChain     : Will secure any request with [org.springframework.security.web.session.DisableEncodeUrlFilter@71bbbb9f, org.springframework.security.web.context.request.async.WebAsyncManagerIntegrationFilter@6fe47be, org.springframework.security.web.context.SecurityContextHolderFilter@fabe3f8, org.springframework.security.web.header.HeaderWriterFilter@6ab56a77, org.springframework.web.filter.CorsFilter@4baf3987, org.springframework.security.web.authentication.logout.LogoutFilter@6e1ac80e, com.example.filter.JwtAuthenticationFilter@64aab3fd, org.springframework.security.web.savedrequest.RequestCacheAwareFilter@ce24a98, org.springframework.security.web.servletapi.SecurityContextHolderAwareRequestFilter@496101d1, org.springframework.security.web.authentication.AnonymousAuthenticationFilter@7fef485d, org.springframework.security.web.session.SessionManagementFilter@4b8ab2f8, org.springframework.security.web.access.ExceptionTranslationFilter@495c3d15, org.springframework.security.web.access.intercept.AuthorizationFilter@5034e0c6]
2026-04-17T14:42:45.984+08:00  INFO 25136 --- [main] o.s.b.w.embedded.tomcat.TomcatWebServer  : Tomcat started on port 8080 (http) with context path ''
2026-04-17T14:42:46.001+08:00  INFO 25136 --- [main] com.example.JavaFxApiApplication         : Started JavaFxApiApplication in 8.1 seconds (process running for 8.873)
2026-04-17T14:43:44.997+08:00  INFO 25136 --- [http-nio-8080-exec-2] o.a.c.c.C.[Tomcat].[localhost].[/]       : Initializing Spring DispatcherServlet 'dispatcherServlet'
2026-04-17T14:43:44.998+08:00  INFO 25136 --- [http-nio-8080-exec-2] o.s.web.servlet.DispatcherServlet        : Initializing Servlet 'dispatcherServlet'
2026-04-17T14:43:45.000+08:00  INFO 25136 --- [http-nio-8080-exec-2] o.s.web.servlet.DispatcherServlet        : Completed initialization in 2 ms
2026-04-17T14:45:55.772+08:00  INFO 25136 --- [http-nio-8080-exec-4] c.example.service.impl.MenuServiceImpl   : 用戶信息:UserEntity{id='5fbd4044-62db-4ecc-a0e5-6df17dc2220a', username='admin', email='user@example.com', status=1, createdAt=2026-03-12T14:47:51.096827, updatedAt=2026-03-12T14:47:51.096827}
2026-04-17T14:46:44.017+08:00  WARN 25136 --- [http-nio-8080-exec-6] o.springdoc.core.service.OpenAPIService  : Json Processing Exception occurred: additionalProperties must be either a Boolean or a Schema instance
 at [Source: (String)"{"openapi":"3.0.1","info":{"title":"JavaFX API 文檔","description":"JavaFX 桌面應用後端 API","termsOfService":null,"contact":{"name":"開發團隊","url":null,"email":"dev@example.com","extensions":null},"license":{"name":"Apache 2.0","url":"http://springdoc.org","identifier":null,"extensions":null},"version":"1.0.0","extensions":null,"summary":null},"externalDocs":null,"servers":[{"url":"http://localhost:8080","description":"本地服務器","variables":null,"extensions":null}],"security":[{"bearerAuth":[]}],"tags":[{"n"[truncated 19659 chars]; line: 1, column: 2300] (through reference chain: io.swagger.v3.oas.models.OpenAPI["components"]->io.swagger.v3.oas.models.Components["schemas"]->java.util.LinkedHashMap["MapStringString"]->io.swagger.v3.oas.models.media.Schema["additionalProperties"])
2026-04-17T14:46:44.551+08:00  INFO 25136 --- [http-nio-8080-exec-6] o.springdoc.api.AbstractOpenApiResource  : Init duration for springdoc-openapi is: 761 ms
2026-04-17T14:48:42.872+08:00  INFO 25136 --- [http-nio-8080-exec-2] c.example.service.impl.MenuServiceImpl   : 用戶信息:UserEntity{id='5fbd4044-62db-4ecc-a0e5-6df17dc2220a', username='admin', email='user@example.com', status=1, createdAt=2026-03-12T14:47:51.096827, updatedAt=2026-03-12T14:47:51.096827}
